Processing target 'abuse' for interval 1970-1974 and condition 'positive'...
Processing target 'abuse' for interval 1970-1974 and condition 'negative'...
Natural file not found: control/input\positive\natural\abuse_1970-1974_5-year_sentiment_natural.tsv
Processing target 'abuse' for interval 1975-1979 and condition 'positive'...
Processing target 'abuse' for interval 1975-1979 and condition 'negative'...
Processing target 'abuse' for interval 1980-1984 and condition 'positive'...
Natural file not found: control/input\negative\natural\abuse_1970-1974_5-year_sentiment_natural.tsv
Natural file not found: control/input\negative\natural\abuse_1975-1979_5-year_sentiment_natural.tsv
Natural file not found: control/input\positive\natural\abuse_1975-1979_5-year_sentiment_natural.tsv
Natural file not found: control/input\positive\natural\abuse_1980-1984_5-year_sentiment_natural.tsv
Processing target 'abuse' for interval 1980-1984 and condition 'negative'...
Processing target 'abuse' for interval 1985-1989 and condition 'positive'...
Processing target 'abuse' for interval 1985-1989 and condition 'negative'...
Processing target 'abuse' for interval 1990-1994 and condition 'positive'...
Natural file not found: control/input\negative\natural\abuse_1985-1989_5-year_sentiment_natural.tsv
Natural file not found: control/input\positive\natural\abuse_1985-1989_5-year_sentiment_natural.tsv
Natural file not found: control/input\negative\natural\abuse_1980-1984_5-year_sentiment_natural.tsv
Natural file not found: control/input\positive\natural\abuse_1990-1994_5-year_sentiment_natural.tsv
Processing target 'abuse' for interval 1990-1994 and condition 'negative'...
Processing target 'abuse' for interval 1995-1999 and condition 'positive'...
Natural file not found: control/input\negative\natural\abuse_1990-1994_5-year_sentiment_natural.tsv
Processing target 'abuse' for interval 1995-1999 and condition 'negative'...
Processing target 'abuse' for interval 2000-2004 and condition 'positive'...
Processing target 'abuse' for interval 2000-2004 and condition 'negative'...
Natural file not found: control/input\positive\natural\abuse_1995-1999_5-year_sentiment_natural.tsv
Processing target 'abuse' for interval 2005-2009 and condition 'positive'...
Natural file not found: control/input\positive\natural\abuse_2005-2009_5-year_sentiment_natural.tsv
Natural file not found: control/input\negative\natural\abuse_1995-1999_5-year_sentiment_natural.tsv
Natural file not found: control/input\negative\natural\abuse_2000-2004_5-year_sentiment_natural.tsv
Processing target 'abuse' for interval 2005-2009 and condition 'negative'...
Natural file not found: control/input\negative\natural\abuse_2005-2009_5-year_sentiment_natural.tsv
Processing target 'abuse' for interval 2010-2014 and condition 'positive'...
Processing target 'abuse' for interval 2010-2014 and condition 'negative'...
Natural file not found: control/input\positive\natural\abuse_2010-2014_5-year_sentiment_natural.tsv
Processing target 'abuse' for interval 2015-2019 and condition 'positive'...
Natural file not found: control/input\positive\natural\abuse_2015-2019_5-year_sentiment_natural.tsv
Processing target 'abuse' for interval 2015-2019 and condition 'negative'...
Natural file not found: control/input\positive\natural\abuse_2000-2004_5-year_sentiment_natural.tsv
Natural file not found: control/input\negative\natural\abuse_2015-2019_5-year_sentiment_natural.tsv
Natural file not found: control/input\negative\natural\abuse_2010-2014_5-year_sentiment_natural.tsv
Processing target 'anxiety' for interval 1970-1974 and condition 'positive'...
Processing target 'anxiety' for interval 1970-1974 and condition 'negative'...
Processing target 'anxiety' for interval 1975-1979 and condition 'positive'...
Processing target 'anxiety' for interval 1975-1979 and condition 'negative'...
Natural file not found: control/input\negative\natural\anxiety_1970-1974_5-year_sentiment_natural.tsv
Processing target 'anxiety' for interval 1980-1984 and condition 'positive'...
Natural file not found: control/input\positive\natural\anxiety_1980-1984_5-year_sentiment_natural.tsv
Processing target 'anxiety' for interval 1980-1984 and condition 'negative'...
Natural file not found: control/input\positive\natural\anxiety_1970-1974_5-year_sentiment_natural.tsv
Processing target 'anxiety' for interval 1985-1989 and condition 'positive'...
Natural file not found: control/input\positive\natural\anxiety_1975-1979_5-year_sentiment_natural.tsv
Natural file not found: control/input\negative\natural\anxiety_1975-1979_5-year_sentiment_natural.tsv
Natural file not found: control/input\negative\natural\anxiety_1980-1984_5-year_sentiment_natural.tsv
Processing target 'anxiety' for interval 1985-1989 and condition 'negative'...
Processing target 'anxiety' for interval 1990-1994 and condition 'positive'...
Processing target 'anxiety' for interval 1990-1994 and condition 'negative'...
Processing target 'anxiety' for interval 1995-1999 and condition 'positive'...
Processing target 'anxiety' for interval 1995-1999 and condition 'negative'...
Processing target 'anxiety' for interval 2000-2004 and condition 'positive'...
Processing target 'anxiety' for interval 2000-2004 and condition 'negative'...
Processing target 'abuse' for interval 1970-1974 and condition 'positive'...
Processing target 'abuse' for interval 1970-1974 and condition 'negative'...
Natural file not found: control/input\positive\natural\abuse_1970-1974_5-year_sentiment_natural.tsv
Processing target 'abuse' for interval 1975-1979 and condition 'positive'...
Processing target 'abuse' for interval 1975-1979 and condition 'negative'...
Processing target 'abuse' for interval 1980-1984 and condition 'positive'...
Natural file not found: control/input\negative\natural\abuse_1970-1974_5-year_sentiment_natural.tsv
Natural file not found: control/input\negative\natural\abuse_1975-1979_5-year_sentiment_natural.tsv
Natural file not found: control/input\positive\natural\abuse_1975-1979_5-year_sentiment_natural.tsv
Natural file not found: control/input\positive\natural\abuse_1980-1984_5-year_sentiment_natural.tsv
Processing target 'abuse' for interval 1980-1984 and condition 'negative'...
Processing target 'abuse' for interval 1985-1989 and condition 'positive'...
Processing target 'abuse' for interval 1985-1989 and condition 'negative'...
Processing target 'abuse' for interval 1990-1994 and condition 'positive'...
Natural file not found: control/input\negative\natural\abuse_1985-1989_5-year_sentiment_natural.tsv
Natural file not found: control/input\positive\natural\abuse_1985-1989_5-year_sentiment_natural.tsv
Natural file not found: control/input\negative\natural\abuse_1980-1984_5-year_sentiment_natural.tsv
Natural file not found: control/input\positive\natural\abuse_1990-1994_5-year_sentiment_natural.tsv
Processing target 'abuse' for interval 1990-1994 and condition 'negative'...
Processing target 'abuse' for interval 1995-1999 and condition 'positive'...
Natural file not found: control/input\negative\natural\abuse_1990-1994_5-year_sentiment_natural.tsv
Processing target 'abuse' for interval 1995-1999 and condition 'negative'...
Processing target 'abuse' for interval 2000-2004 and condition 'positive'...
Processing target 'abuse' for interval 2000-2004 and condition 'negative'...
Natural file not found: control/input\positive\natural\abuse_1995-1999_5-year_sentiment_natural.tsv
Processing target 'abuse' for interval 2005-2009 and condition 'positive'...
Natural file not found: control/input\positive\natural\abuse_2005-2009_5-year_sentiment_natural.tsv
Natural file not found: control/input\negative\natural\abuse_1995-1999_5-year_sentiment_natural.tsv
Natural file not found: control/input\negative\natural\abuse_2000-2004_5-year_sentiment_natural.tsv
Processing target 'abuse' for interval 2005-2009 and condition 'negative'...
Natural file not found: control/input\negative\natural\abuse_2005-2009_5-year_sentiment_natural.tsv
Processing target 'abuse' for interval 2010-2014 and condition 'positive'...
Processing target 'abuse' for interval 2010-2014 and condition 'negative'...
Natural file not found: control/input\positive\natural\abuse_2010-2014_5-year_sentiment_natural.tsv
Processing target 'abuse' for interval 2015-2019 and condition 'positive'...
Natural file not found: control/input\positive\natural\abuse_2015-2019_5-year_sentiment_natural.tsv
Processing target 'abuse' for interval 2015-2019 and condition 'negative'...
Natural file not found: control/input\positive\natural\abuse_2000-2004_5-year_sentiment_natural.tsv
Natural file not found: control/input\negative\natural\abuse_2015-2019_5-year_sentiment_natural.tsv
Natural file not found: control/input\negative\natural\abuse_2010-2014_5-year_sentiment_natural.tsv
Processing target 'anxiety' for interval 1970-1974 and condition 'positive'...
Processing target 'anxiety' for interval 1970-1974 and condition 'negative'...
Processing target 'anxiety' for interval 1975-1979 and condition 'positive'...
Processing target 'anxiety' for interval 1975-1979 and condition 'negative'...
Natural file not found: control/input\negative\natural\anxiety_1970-1974_5-year_sentiment_natural.tsv
Processing target 'anxiety' for interval 1980-1984 and condition 'positive'...
Natural file not found: control/input\positive\natural\anxiety_1980-1984_5-year_sentiment_natural.tsv
Processing target 'anxiety' for interval 1980-1984 and condition 'negative'...
Natural file not found: control/input\positive\natural\anxiety_1970-1974_5-year_sentiment_natural.tsv
Processing target 'anxiety' for interval 1985-1989 and condition 'positive'...
Natural file not found: control/input\positive\natural\anxiety_1975-1979_5-year_sentiment_natural.tsv
Natural file not found: control/input\negative\natural\anxiety_1975-1979_5-year_sentiment_natural.tsv
Natural file not found: control/input\negative\natural\anxiety_1980-1984_5-year_sentiment_natural.tsv
Processing target 'anxiety' for interval 1985-1989 and condition 'negative'...
Processing target 'anxiety' for interval 1990-1994 and condition 'positive'...
Processing target 'anxiety' for interval 1990-1994 and condition 'negative'...
Processing target 'anxiety' for interval 1995-1999 and condition 'positive'...
Processing target 'anxiety' for interval 1995-1999 and condition 'negative'...
Processing target 'anxiety' for interval 2000-2004 and condition 'positive'...
Processing target 'anxiety' for interval 2000-2004 and condition 'negative'...
Natural file not found: control/input\negative\natural\anxiety_2005-2009_5-year_sentiment_natural.tsv
Processing target 'anxiety' for interval 2010-2014 and condition 'positive'...
Natural file not found: control/input\positive\natural\anxiety_2010-2014_5-year_sentiment_natural.tsv
Natural file not found: control/input\positive\natural\anxiety_1985-1989_5-year_sentiment_natural.tsv
Natural file not found: control/input\negative\natural\anxiety_2005-2009_5-year_sentiment_natural.tsv
Processing target 'anxiety' for interval 2010-2014 and condition 'positive'...
Natural file not found: control/input\positive\natural\anxiety_2010-2014_5-year_sentiment_natural.tsv
Natural file not found: control/input\positive\natural\anxiety_1985-1989_5-year_sentiment_natural.tsv
Processing target 'anxiety' for interval 2010-2014 and condition 'negative'...
Processing target 'anxiety' for interval 2015-2019 and condition 'positive'...
Processing target 'anxiety' for interval 2015-2019 and condition 'negative'...
Natural file not found: control/input\negative\natural\anxiety_2010-2014_5-year_sentiment_natural.tsv
Processing target 'depression' for interval 1970-1974 and condition 'positive'...
Natural file not found: control/input\positive\natural\anxiety_2015-2019_5-year_sentiment_natural.tsv
Processing target 'depression' for interval 1970-1974 and condition 'negative'...
Natural file not found: control/input\negative\natural\depression_1970-1974_5-year_sentiment_natural.tsv
Natural file not found: control/input\negative\natural\anxiety_2015-2019_5-year_sentiment_natural.tsv
Natural file not found: control/input\positive\natural\depression_1970-1974_5-year_sentiment_natural.tsv
Processing target 'depression' for interval 1975-1979 and condition 'negative'...
Processing target 'depression' for interval 1975-1979 and condition 'negative'...
Natural file not found: control/input\negative\natural\depression_1975-1979_5-year_sentiment_natural.tsv
Processing target 'depression' for interval 1980-1984 and condition 'positive'...
Natural file not found: control/input\positive\natural\anxiety_1995-1999_5-year_sentiment_natural.tsv
Natural file not found: control/input\positive\natural\depression_1985-1989_5-year_sentiment_natural.tsv
Processing target 'depression' for interval 1995-1999 and condition 'positive'...
Processing target 'depression' for interval 1995-1999 and condition 'negative'...
Natural file not found: control/input\negative\natural\depression_1985-1989_5-year_sentiment_natural.tsv
Processing target 'depression' for interval 2000-2004 and condition 'positive'...
Natural file not found: control/input\positive\natural\depression_1990-1994_5-year_sentiment_natural.tsv
Processing target 'depression' for interval 2000-2004 and condition 'negative'...

Natural file not found: control/input\negative\natural\anxiety_1990-1994_5-year_sentiment_natural.tsv
Natural file not found: control/input\negative\natural\mental_health_1975-1979_5-year_sentiment_natural.tsv
Processing target 'mental_health' for interval 1990-1994 and condition 'negative'...
Processing target 'mental_health' for interval 1995-1999 and condition 'positive'...
Processing target 'mental_health' for interval 1995-1999 and condition 'negative'...
Natural file not found: control/input\positive\natural\mental_health_1980-1984_5-year_sentiment_natural.tsv
Processing target 'mental_health' for interval 2000-2004 and condition 'positive'...
Natural file not found: control/input\negative\natural\mental_health_1980-1984_5-year_sentiment_natural.tsv
Processing target 'mental_health' for interval 2000-2004 and condition 'negative'...
Natural file not found: control/input\positive\natural\mental_health_1985-1989_5-year_sentiment_natural.tsv
Processing target 'mental_health' for interval 2005-2009 and condition 'positive'...
Natural file not found: control/input\negative\natural\mental_health_1985-1989_5-year_sentiment_natural.tsv
Processing target 'mental_health' for interval 2005-2009 and condition 'negative'...
Natural file not found: control/input\positive\natural\mental_health_1990-1994_5-year_sentiment_natural.tsv
Processing target 'mental_health' for interval 2010-2014 and condition 'positive'...
Natural file not found: control/input\negative\natural\anxiety_2000-2004_5-year_sentiment_natural.tsv
Natural file not found: control/input\negative\natural\mental_health_1990-1994_5-year_sentiment_natural.tsv
Natural file not found: control/input\positive\natural\mental_health_1995-1999_5-year_sentiment_natural.tsv
Natural file not found: control/input\negative\natural\mental_health_1995-1999_5-year_sentiment_natural.tsv
Processing target 'mental_health' for interval 2010-2014 and condition 'negative'...
Natural file not found: control/input\positive\natural\mental_health_2000-2004_5-year_sentiment_natural.tsv
Processing target 'mental_health' for interval 2015-2019 and condition 'positive'...
Natural file not found: control/input\negative\natural\mental_health_2000-2004_5-year_sentiment_natural.tsv
Processing target 'mental_health' for interval 2015-2019 and condition 'negative'...
Natural file not found: control/input\positive\natural\mental_health_2005-2009_5-year_sentiment_natural.tsv
Processing target 'mental_illness' for interval 1970-1974 and condition 'positive'...
Natural file not found: control/input\negative\natural\mental_health_2005-2009_5-year_sentiment_natural.tsv
Processing target 'mental_illness' for interval 1970-1974 and condition 'negative'...
Natural file not found: control/input\positive\natural\mental_health_2010-2014_5-year_sentiment_natural.tsv
Processing target 'mental_illness' for interval 1975-1979 and condition 'positive'...
Processing target 'mental_illness' for interval 1975-1979 and condition 'negative'...
Processing target 'mental_illness' for interval 1980-1984 and condition 'positive'...
Natural file not found: control/input\negative\natural\mental_illness_1975-1979_5-year_sentiment_natural.tsv
Processing target 'mental_illness' for interval 1980-1984 and condition 'negative'...
Natural file not found: control/input\negative\natural\mental_health_2010-2014_5-year_sentiment_natural.tsv
Processing target 'mental_illness' for interval 1985-1989 and condition 'positive'...
Natural file not found: control/input\positive\natural\mental_health_2015-2019_5-year_sentiment_natural.tsv
Processing target 'mental_illness' for interval 1985-1989 and condition 'negative'...
Natural file not found: control/input\negative\natural\mental_health_2015-2019_5-year_sentiment_natural.tsv
Processing target 'mental_illness' for interval 1990-1994 and condition 'positive'...
Natural file not found: control/input\positive\natural\mental_illness_1970-1974_5-year_sentiment_natural.tsv
Processing target 'mental_illness' for interval 1990-1994 and condition 'negative'...
Natural file not found: control/input\negative\natural\mental_illness_1970-1974_5-year_sentiment_natural.tsv
Processing target 'mental_illness' for interval 1995-1999 and condition 'positive'...
Natural file not found: control/input\negative\natural\mental_illness_1990-1994_5-year_sentiment_natural.tsv
Processing target 'mental_illness' for interval 1995-1999 and condition 'negative'...
Processing target 'mental_illness' for interval 2000-2004 and condition 'positive'...
Natural file not found: control/input\positive\natural\mental_illness_1980-1984_5-year_sentiment_natural.tsv
Processing target 'mental_illness' for interval 2000-2004 and condition 'negative'...
Natural file not found: control/input\negative\natural\mental_illness_1980-1984_5-year_sentiment_natural.tsv
Processing target 'mental_illness' for interval 2005-2009 and condition 'positive'...
Natural file not found: control/input\positive\natural\mental_illness_1985-1989_5-year_sentiment_natural.tsv
Natural file not found: control/input\negative\natural\mental_illness_1985-1989_5-year_sentiment_natural.tsv
Natural file not found: control/input\positive\natural\mental_illness_1990-1994_5-year_sentiment_natural.tsv
Natural file not found: control/input\positive\natural\mental_illness_1995-1999_5-year_sentiment_natural.tsv
Processing target 'mental_illness' for interval 2005-2009 and condition 'negative'...
Natural file not found: control/input\positive\natural\mental_illness_2000-2004_5-year_sentiment_natural.tsv
Natural file not found: control/input\negative\natural\mental_illness_2000-2004_5-year_sentiment_natural.tsv
Natural file not found: control/input\positive\natural\mental_illness_1975-1979_5-year_sentiment_natural.tsv
Processing target 'mental_illness' for interval 2010-2014 and condition 'positive'...
Processing target 'mental_illness' for interval 2010-2014 and condition 'negative'...
Natural file not found: control/input\negative\natural\mental_illness_1995-1999_5-year_sentiment_natural.tsv
Processing target 'mental_illness' for interval 2015-2019 and condition 'positive'...
Processing target 'mental_illness' for interval 2015-2019 and condition 'negative'...
Processing target 'trauma' for interval 1970-1974 and condition 'positive'...
Processing target 'trauma' for interval 1970-1974 and condition 'negative'...
Processing target 'trauma' for interval 1975-1979 and condition 'positive'...
Processing target 'trauma' for interval 1975-1979 and condition 'negative'...
Processing target 'trauma' for interval 1980-1984 and condition 'positive'...
Processing target 'trauma' for interval 1980-1984 and condition 'negative'...
Natural file not found: control/input\positive\natural\mental_illness_2005-2009_5-year_sentiment_natural.tsv
Processing target 'trauma' for interval 1985-1989 and condition 'positive'...
Natural file not found: control/input\positive\natural\trauma_1985-1989_5-year_sentiment_natural.tsv
Processing target 'trauma' for interval 1985-1989 and condition 'negative'...
Natural file not found: control/input\negative\natural\trauma_1985-1989_5-year_sentiment_natural.tsv
Processing target 'trauma' for interval 1990-1994 and condition 'positive'...
Natural file not found: control/input\positive\natural\trauma_1990-1994_5-year_sentiment_natural.tsv
Processing target 'trauma' for interval 1990-1994 and condition 'negative'...
Natural file not found: control/input\negative\natural\trauma_1990-1994_5-year_sentiment_natural.tsv
Processing target 'trauma' for interval 1995-1999 and condition 'positive'...
Processing target 'trauma' for interval 2005-2009 and condition 'positive'...
Natural file not found: control/input\negative\natural\trauma_2000-2004_5-year_sentiment_natural.tsv
Processing target 'trauma' for interval 2005-2009 and condition 'negative'...
Natural file not found: control/input\negative\natural\trauma_2005-2009_5-year_sentiment_natural.tsv
Processing target 'trauma' for interval 2010-2014 and condition 'positive'...
Natural file not found: control/input\positive\natural\trauma_2010-2014_5-year_sentiment_natural.tsv
Processing target 'trauma' for interval 2010-2014 and condition 'negative'...














Processing target 'abuse' for interval 1970-1974 and condition 'positive'...
Processing target 'abuse' for interval 1970-1974 and condition 'negative'...
Processing target 'abuse' for interval 1975-1979 and condition 'positive'...
Processing target 'abuse' for interval 1975-1979 and condition 'negative'...
Processing target 'abuse' for interval 1980-1984 and condition 'positive'...
Processing target 'abuse' for interval 1980-1984 and condition 'negative'...
Processing target 'abuse' for interval 1985-1989 and condition 'positive'...
Processing target 'abuse' for interval 1985-1989 and condition 'negative'...
Processing target 'abuse' for interval 1990-1994 and condition 'positive'...
Processing target 'abuse' for interval 1990-1994 and condition 'negative'...
Processing target 'abuse' for interval 1995-1999 and condition 'positive'...
Processing target 'abuse' for interval 1995-1999 and condition 'negative'...
Processing target 'abuse' for interval 2000-2004 and condition 'positive'...
Processing target 'abuse' for interval 2000-2004 and condition 'negative'...
Processing target 'abuse' for interval 2005-2009 and condition 'positive'...
Processing target 'abuse' for interval 2005-2009 and condition 'negative'...
Processing target 'abuse' for interval 2010-2014 and condition 'positive'...
Processing target 'abuse' for interval 2010-2014 and condition 'negative'...
Processing target 'abuse' for interval 2015-2019 and condition 'positive'...
Processing target 'abuse' for interval 2015-2019 and condition 'negative'...
Completed target 'abuse' for interval 1975-1979 and condition 'negative'.
Processing target 'anxiety' for interval 1970-1974 and condition 'positive'...
Completed target 'abuse' for interval 1970-1974 and condition 'negative'.
Processing target 'anxiety' for interval 1970-1974 and condition 'negative'...
Completed target 'abuse' for interval 1980-1984 and condition 'positive'.
Processing target 'anxiety' for interval 1975-1979 and condition 'positive'...
Completed target 'abuse' for interval 2005-2009 and condition 'negative'.
Processing target 'anxiety' for interval 1975-1979 and condition 'negative'...
Completed target 'abuse' for interval 1970-1974 and condition 'positive'.
Processing target 'anxiety' for interval 1980-1984 and condition 'positive'...
Completed target 'abuse' for interval 1975-1979 and condition 'positive'.
Processing target 'anxiety' for interval 1980-1984 and condition 'negative'...
Completed target 'abuse' for interval 2015-2019 and condition 'negative'.
Processing target 'anxiety' for interval 1985-1989 and condition 'positive'...
Completed target 'abuse' for interval 1985-1989 and condition 'positive'.
Processing target 'anxiety' for interval 1985-1989 and condition 'negative'...
Completed target 'abuse' for interval 1995-1999 and condition 'negative'.
Processing target 'anxiety' for interval 1990-1994 and condition 'positive'...
Completed target 'abuse' for interval 1990-1994 and condition 'negative'.
Processing target 'anxiety' for interval 1990-1994 and condition 'negative'...
Completed target 'abuse' for interval 1985-1989 and condition 'negative'.
Processing target 'anxiety' for interval 1995-1999 and condition 'positive'...
Completed target 'abuse' for interval 1990-1994 and condition 'positive'.
Processing target 'anxiety' for interval 1995-1999 and condition 'negative'...
Completed target 'abuse' for interval 2010-2014 and condition 'negative'.
Processing target 'anxiety' for interval 2000-2004 and condition 'positive'...
Completed target 'abuse' for interval 1980-1984 and condition 'negative'.
Processing target 'anxiety' for interval 2000-2004 and condition 'negative'...
Completed target 'abuse' for interval 2005-2009 and condition 'positive'.
Processing target 'anxiety' for interval 2005-2009 and condition 'positive'...

Processing target 'anxiety' for interval 2005-2009 and condition 'negative'...
Completed target 'abuse' for interval 2010-2014 and condition 'positive'.
Processing target 'anxiety' for interval 2010-2014 and condition 'positive'...
Completed target 'abuse' for interval 2000-2004 and condition 'negative'.
Processing target 'anxiety' for interval 2010-2014 and condition 'negative'...
Completed target 'abuse' for interval 2015-2019 and condition 'positive'.
Processing target 'anxiety' for interval 2015-2019 and condition 'positive'...
Completed target 'abuse' for interval 2000-2004 and condition 'positive'.
Processing target 'anxiety' for interval 2015-2019 and condition 'negative'...
Completed target 'anxiety' for interval 1980-1984 and condition 'negative'.
Processing target 'depression' for interval 1970-1974 and condition 'positive'...
Completed target 'anxiety' for interval 1980-1984 and condition 'positive'.
Processing target 'depression' for interval 1970-1974 and condition 'negative'...
Completed target 'anxiety' for interval 1975-1979 and condition 'negative'.
Processing target 'depression' for interval 1975-1979 and condition 'positive'...
Completed target 'anxiety' for interval 1970-1974 and condition 'positive'.
Processing target 'depression' for interval 1975-1979 and condition 'negative'...
Completed target 'anxiety' for interval 1985-1989 and condition 'positive'.
Processing target 'depression' for interval 1980-1984 and condition 'positive'...
Completed target 'anxiety' for interval 1975-1979 and condition 'positive'.
Processing target 'depression' for interval 1980-1984 and condition 'negative'...
Completed target 'anxiety' for interval 1970-1974 and condition 'negative'.
Processing target 'depression' for interval 1985-1989 and condition 'positive'...
Completed target 'anxiety' for interval 1985-1989 and condition 'negative'.
Processing target 'depression' for interval 1985-1989 and condition 'negative'...
Completed target 'anxiety' for interval 1990-1994 and condition 'negative'.
Processing target 'depression' for interval 1990-1994 and condition 'positive'...
Completed target 'anxiety' for interval 2000-2004 and condition 'positive'.
Processing target 'depression' for interval 1990-1994 and condition 'negative'...
Completed target 'anxiety' for interval 1995-1999 and condition 'positive'.
Processing target 'depression' for interval 1995-1999 and condition 'positive'...
Completed target 'anxiety' for interval 1995-1999 and condition 'negative'.
Processing target 'depression' for interval 1995-1999 and condition 'negative'...
Completed target 'anxiety' for interval 2005-2009 and condition 'negative'.
Processing target 'depression' for interval 2000-2004 and condition 'positive'...
Completed target 'anxiety' for interval 1990-1994 and condition 'positive'.
Processing target 'depression' for interval 2000-2004 and condition 'negative'...
Completed target 'anxiety' for interval 2000-2004 and condition 'negative'.
Processing target 'depression' for interval 2005-2009 and condition 'positive'...
Completed target 'anxiety' for interval 2010-2014 and condition 'positive'.
Processing target 'depression' for interval 2005-2009 and condition 'negative'...
Completed target 'anxiety' for interval 2010-2014 and condition 'negative'.
Processing target 'depression' for interval 2010-2014 and condition 'positive'...
Completed target 'anxiety' for interval 2005-2009 and condition 'positive'.
Processing target 'depression' for interval 2010-2014 and condition 'negative'...
Completed target 'anxiety' for interval 2015-2019 and condition 'positive'.
Processing target 'depression' for interval 2015-2019 and condition 'positive'...
Completed target 'anxiety' for interval 2015-2019 and condition 'negative'.
Processing target 'depression' for interval 2015-2019 and condition 'negative'...
Completed target 'depression' for interval 1970-1974 and condition 'positive'.
Processing target 'mental_health' for interval 1970-1974 and condition 'positive'...
Processing target 'mental_health' for interval 1975-1979 and condition 'positive'...
Completed target 'depression' for interval 1985-1989 and condition 'negative'.
Processing target 'mental_health' for interval 1975-1979 and condition 'negative'...
Completed target 'depression' for interval 1975-1979 and condition 'negative'.
Processing target 'mental_health' for interval 1980-1984 and condition 'positive'...
Completed target 'depression' for interval 1990-1994 and condition 'positive'.
Processing target 'mental_health' for interval 1980-1984 and condition 'negative'...
Completed target 'depression' for interval 1980-1984 and condition 'negative'.
Processing target 'mental_health' for interval 1985-1989 and condition 'positive'...
Completed target 'depression' for interval 1980-1984 and condition 'positive'.
Processing target 'mental_health' for interval 1985-1989 and condition 'negative'...
Completed target 'depression' for interval 1995-1999 and condition 'positive'.
Processing target 'mental_health' for interval 1990-1994 and condition 'positive'...
Completed target 'depression' for interval 1995-1999 and condition 'negative'.
Processing target 'mental_health' for interval 1990-1994 and condition 'negative'...
Completed target 'depression' for interval 2000-2004 and condition 'negative'.
Processing target 'mental_health' for interval 1995-1999 and condition 'positive'...
Completed target 'depression' for interval 1985-1989 and condition 'positive'.
Processing target 'mental_health' for interval 1995-1999 and condition 'negative'...
Completed target 'depression' for interval 1990-1994 and condition 'negative'.
Processing target 'mental_health' for interval 2000-2004 and condition 'positive'...
Completed target 'depression' for interval 2000-2004 and condition 'positive'.
Processing target 'mental_health' for interval 2000-2004 and condition 'negative'...
Completed target 'depression' for interval 2005-2009 and condition 'negative'.
Processing target 'mental_health' for interval 2005-2009 and condition 'positive'...
Completed target 'depression' for interval 2005-2009 and condition 'positive'.
Processing target 'mental_health' for interval 2005-2009 and condition 'negative'...
Completed target 'depression' for interval 2010-2014 and condition 'negative'.
Processing target 'mental_health' for interval 2010-2014 and condition 'positive'...
Completed target 'depression' for interval 2010-2014 and condition 'positive'.
Processing target 'mental_health' for interval 2010-2014 and condition 'negative'...
Completed target 'depression' for interval 2015-2019 and condition 'positive'.
Processing target 'mental_health' for interval 2015-2019 and condition 'positive'...
Completed target 'depression' for interval 2015-2019 and condition 'negative'.
Processing target 'mental_health' for interval 2015-2019 and condition 'negative'...
Completed target 'mental_health' for interval 1985-1989 and condition 'positive'.
Processing target 'mental_illness' for interval 1970-1974 and condition 'positive'...
Completed target 'mental_health' for interval 1975-1979 and condition 'negative'.
Processing target 'mental_illness' for interval 1970-1974 and condition 'negative'...
Completed target 'mental_health' for interval 1975-1979 and condition 'positive'.
Processing target 'mental_illness' for interval 1975-1979 and condition 'positive'...
Completed target 'mental_health' for interval 1995-1999 and condition 'negative'.
Processing target 'mental_illness' for interval 1975-1979 and condition 'negative'...
Completed target 'mental_health' for interval 1970-1974 and condition 'negative'.
Processing target 'mental_illness' for interval 1980-1984 and condition 'positive'...
Completed target 'mental_health' for interval 1980-1984 and condition 'negative'.
Processing target 'mental_illness' for interval 1980-1984 and condition 'negative'...
Completed target 'mental_health' for interval 1970-1974 and condition 'positive'.
Processing target 'mental_illness' for interval 1985-1989 and condition 'positive'...
Completed target 'mental_health' for interval 1980-1984 and condition 'positive'.
Processing target 'mental_illness' for interval 1985-1989 and condition 'negative'...
Completed target 'mental_health' for interval 1985-1989 and condition 'negative'.
Processing target 'mental_illness' for interval 1990-1994 and condition 'positive'...
Completed target 'mental_health' for interval 2000-2004 and condition 'positive'.
Processing target 'mental_illness' for interval 1990-1994 and condition 'negative'...
Completed target 'mental_health' for interval 1990-1994 and condition 'positive'.
Processing target 'mental_illness' for interval 1995-1999 and condition 'positive'...
Completed target 'mental_health' for interval 1990-1994 and condition 'negative'.
Processing target 'mental_illness' for interval 1995-1999 and condition 'negative'...
Completed target 'mental_health' for interval 1995-1999 and condition 'positive'.
Processing target 'mental_illness' for interval 2000-2004 and condition 'positive'...
Completed target 'mental_health' for interval 2005-2009 and condition 'positive'.
Processing target 'mental_illness' for interval 2000-2004 and condition 'negative'...
Completed target 'mental_health' for interval 2000-2004 and condition 'negative'.
Processing target 'mental_illness' for interval 2005-2009 and condition 'positive'...
Completed target 'mental_health' for interval 2010-2014 and condition 'positive'.
Processing target 'mental_illness' for interval 2005-2009 and condition 'negative'...
Completed target 'mental_health' for interval 2015-2019 and condition 'positive'.
Processing target 'mental_illness' for interval 2010-2014 and condition 'positive'...
Completed target 'mental_health' for interval 2005-2009 and condition 'negative'.
Processing target 'mental_illness' for interval 2010-2014 and condition 'negative'...
Completed target 'mental_health' for interval 2010-2014 and condition 'negative'.
Processing target 'mental_illness' for interval 2015-2019 and condition 'positive'...
Completed target 'mental_health' for interval 2015-2019 and condition 'negative'.
Processing target 'mental_illness' for interval 2015-2019 and condition 'negative'...
Completed target 'mental_illness' for interval 1970-1974 and condition 'positive'.
Processing target 'trauma' for interval 1970-1974 and condition 'positive'...
Completed target 'mental_illness' for interval 1975-1979 and condition 'negative'.
Processing target 'trauma' for interval 1970-1974 and condition 'negative'...
Completed target 'mental_illness' for interval 1980-1984 and condition 'positive'.
Processing target 'trauma' for interval 1975-1979 and condition 'positive'...
Completed target 'mental_illness' for interval 1985-1989 and condition 'positive'.
Processing target 'trauma' for interval 1975-1979 and condition 'negative'...
Completed target 'mental_illness' for interval 1975-1979 and condition 'positive'.
Processing target 'trauma' for interval 1980-1984 and condition 'positive'...
Completed target 'mental_illness' for interval 1985-1989 and condition 'negative'.
Processing target 'trauma' for interval 1980-1984 and condition 'negative'...
Completed target 'mental_illness' for interval 1990-1994 and condition 'negative'.
Processing target 'trauma' for interval 1985-1989 and condition 'positive'...
Completed target 'mental_illness' for interval 1990-1994 and condition 'positive'.
Processing target 'trauma' for interval 1985-1989 and condition 'negative'...
Completed target 'mental_illness' for interval 1980-1984 and condition 'negative'.
Processing target 'trauma' for interval 1990-1994 and condition 'positive'...
Completed target 'mental_illness' for interval 1995-1999 and condition 'negative'.
Processing target 'trauma' for interval 1990-1994 and condition 'negative'...
Completed target 'mental_illness' for interval 1970-1974 and condition 'negative'.
Processing target 'trauma' for interval 1995-1999 and condition 'positive'...
Completed target 'mental_illness' for interval 1995-1999 and condition 'positive'.
Processing target 'trauma' for interval 1995-1999 and condition 'negative'...
Completed target 'mental_illness' for interval 2000-2004 and condition 'positive'.
Processing target 'abuse' for interval 1970-1974 and condition 'positive'...
Processing target 'abuse' for interval 1970-1974 and condition 'negative'...
Processing target 'abuse' for interval 1975-1979 and condition 'positive'...
Processing target 'abuse' for interval 1975-1979 and condition 'negative'...
Processing target 'abuse' for interval 1980-1984 and condition 'positive'...
Processing target 'abuse' for interval 1980-1984 and condition 'negative'...
Processing target 'abuse' for interval 1985-1989 and condition 'positive'...
Processing target 'abuse' for interval 1985-1989 and condition 'negative'...
Processing target 'abuse' for interval 1990-1994 and condition 'positive'...
Processing target 'abuse' for interval 1990-1994 and condition 'negative'...
Processing target 'abuse' for interval 1995-1999 and condition 'positive'...
Processing target 'abuse' for interval 1995-1999 and condition 'negative'...
Processing target 'abuse' for interval 2000-2004 and condition 'positive'...
Processing target 'abuse' for interval 2000-2004 and condition 'negative'...
Processing target 'abuse' for interval 2005-2009 and condition 'positive'...
Processing target 'abuse' for interval 2005-2009 and condition 'negative'...
Processing target 'abuse' for interval 2010-2014 and condition 'positive'...
Processing target 'abuse' for interval 2010-2014 and condition 'negative'...
Processing target 'abuse' for interval 2015-2019 and condition 'positive'...
Processing target 'abuse' for interval 2015-2019 and condition 'negative'...
Completed target 'abuse' for interval 1980-1984 and condition 'negative'.
Processing target 'anxiety' for interval 1970-1974 and condition 'positive'...
Completed target 'abuse' for interval 1970-1974 and condition 'negative'.
Processing target 'anxiety' for interval 1970-1974 and condition 'negative'...
Completed target 'abuse' for interval 1970-1974 and condition 'positive'.
Processing target 'anxiety' for interval 1975-1979 and condition 'positive'...
Completed target 'abuse' for interval 1990-1994 and condition 'negative'.
Processing target 'anxiety' for interval 1975-1979 and condition 'negative'...
Completed target 'abuse' for interval 1975-1979 and condition 'positive'.
Processing target 'anxiety' for interval 1980-1984 and condition 'positive'...
Completed target 'abuse' for interval 2000-2004 and condition 'negative'.
Processing target 'anxiety' for interval 1980-1984 and condition 'negative'...
Completed target 'abuse' for interval 1980-1984 and condition 'positive'.
Processing target 'anxiety' for interval 1985-1989 and condition 'positive'...
Completed target 'abuse' for interval 2015-2019 and condition 'negative'.
Processing target 'anxiety' for interval 1985-1989 and condition 'negative'...
Completed target 'abuse' for interval 2010-2014 and condition 'positive'.
Processing target 'anxiety' for interval 1990-1994 and condition 'positive'...
Completed target 'abuse' for interval 2000-2004 and condition 'positive'.
Processing target 'anxiety' for interval 1990-1994 and condition 'negative'...
Completed target 'abuse' for interval 1985-1989 and condition 'positive'.
Processing target 'anxiety' for interval 1995-1999 and condition 'positive'...
Completed target 'abuse' for interval 1985-1989 and condition 'negative'.
Processing target 'anxiety' for interval 1995-1999 and condition 'negative'...
Completed target 'abuse' for interval 1995-1999 and condition 'negative'.
Processing target 'anxiety' for interval 2000-2004 and condition 'positive'...
Completed target 'abuse' for interval 1975-1979 and condition 'negative'.
Processing target 'anxiety' for interval 2000-2004 and condition 'negative'...
Completed target 'abuse' for interval 2010-2014 and condition 'negative'.
Processing target 'anxiety' for interval 2005-2009 and condition 'positive'...
Completed target 'abuse' for interval 1995-1999 and condition 'positive'.
Processing target 'anxiety' for interval 2005-2009 and condition 'negative'...
Completed target 'abuse' for interval 2005-2009 and condition 'negative'.
Processing target 'anxiety' for interval 2010-2014 and condition 'positive'...
Completed target 'abuse' for interval 2015-2019 and condition 'positive'.
Processing target 'anxiety' for interval 2010-2014 and condition 'negative'...
Completed target 'abuse' for interval 2005-2009 and condition 'positive'.
Processing target 'anxiety' for interval 2015-2019 and condition 'positive'...
Completed target 'abuse' for interval 1990-1994 and condition 'positive'.
Processing target 'anxiety' for interval 2015-2019 and condition 'negative'...
Completed target 'anxiety' for interval 1970-1974 and condition 'positive'.
Processing target 'depression' for interval 1970-1974 and condition 'positive'...
Completed target 'anxiety' for interval 1970-1974 and condition 'negative'.
Processing target 'depression' for interval 1970-1974 and condition 'negative'...
Completed target 'anxiety' for interval 1975-1979 and condition 'positive'.
Processing target 'depression' for interval 1975-1979 and condition 'positive'...
Completed target 'anxiety' for interval 1980-1984 and condition 'positive'.
Processing target 'depression' for interval 1975-1979 and condition 'negative'...
Completed target 'anxiety' for interval 1980-1984 and condition 'negative'.
Processing target 'depression' for interval 1980-1984 and condition 'positive'...
Completed target 'anxiety' for interval 1975-1979 and condition 'negative'.
Processing target 'depression' for interval 1980-1984 and condition 'negative'...
Completed target 'anxiety' for interval 1985-1989 and condition 'negative'.
Processing target 'depression' for interval 1985-1989 and condition 'positive'...
Completed target 'anxiety' for interval 2010-2014 and condition 'positive'.
Processing target 'depression' for interval 1985-1989 and condition 'negative'...
Completed target 'anxiety' for interval 2005-2009 and condition 'negative'.
Processing target 'depression' for interval 1990-1994 and condition 'positive'...
Completed target 'anxiety' for interval 1985-1989 and condition 'positive'.
Processing target 'depression' for interval 1990-1994 and condition 'negative'...
Completed target 'anxiety' for interval 1995-1999 and condition 'negative'.
Processing target 'depression' for interval 1995-1999 and condition 'positive'...
Completed target 'anxiety' for interval 2000-2004 and condition 'negative'.
Processing target 'depression' for interval 1995-1999 and condition 'negative'...
Completed target 'anxiety' for interval 2005-2009 and condition 'positive'.
Processing target 'depression' for interval 2000-2004 and condition 'positive'...
Completed target 'anxiety' for interval 1990-1994 and condition 'positive'.
Processing target 'depression' for interval 2000-2004 and condition 'negative'...
Completed target 'anxiety' for interval 1990-1994 and condition 'negative'.
Processing target 'depression' for interval 2005-2009 and condition 'positive'...
Completed target 'anxiety' for interval 2010-2014 and condition 'negative'.
Processing target 'depression' for interval 2005-2009 and condition 'negative'...
Completed target 'anxiety' for interval 2000-2004 and condition 'positive'.
Processing target 'depression' for interval 2010-2014 and condition 'positive'...
Completed target 'anxiety' for interval 1995-1999 and condition 'positive'.
Processing target 'depression' for interval 2010-2014 and condition 'negative'...
Completed target 'anxiety' for interval 2015-2019 and condition 'negative'.
Processing target 'depression' for interval 2015-2019 and condition 'positive'...
Completed target 'anxiety' for interval 2015-2019 and condition 'positive'.
Processing target 'depression' for interval 2015-2019 and condition 'negative'...
Completed target 'depression' for interval 1970-1974 and condition 'positive'.
Processing target 'mental_health' for interval 1970-1974 and condition 'positive'...
Completed target 'depression' for interval 1975-1979 and condition 'positive'.
Processing target 'mental_health' for interval 1970-1974 and condition 'negative'...
Completed target 'depression' for interval 1975-1979 and condition 'negative'.
Processing target 'mental_health' for interval 1975-1979 and condition 'positive'...
Completed target 'depression' for interval 1985-1989 and condition 'negative'.
Processing target 'mental_health' for interval 1975-1979 and condition 'negative'...
Completed target 'depression' for interval 1970-1974 and condition 'negative'.
Processing target 'mental_health' for interval 1980-1984 and condition 'positive'...
Completed target 'depression' for interval 1980-1984 and condition 'positive'.
Processing target 'mental_health' for interval 1980-1984 and condition 'negative'...
Completed target 'depression' for interval 1980-1984 and condition 'negative'.
Processing target 'mental_health' for interval 1985-1989 and condition 'positive'...
Completed target 'depression' for interval 1995-1999 and condition 'negative'.
Processing target 'mental_health' for interval 1985-1989 and condition 'negative'...
Completed target 'depression' for interval 1985-1989 and condition 'positive'.
Processing target 'mental_health' for interval 1990-1994 and condition 'positive'...
Completed target 'depression' for interval 1990-1994 and condition 'negative'.
Processing target 'mental_health' for interval 1990-1994 and condition 'negative'...
Completed target 'depression' for interval 2000-2004 and condition 'positive'.
Processing target 'mental_health' for interval 1995-1999 and condition 'positive'...
Completed target 'depression' for interval 2005-2009 and condition 'negative'.
Processing target 'mental_health' for interval 1995-1999 and condition 'negative'...
Completed target 'depression' for interval 2000-2004 and condition 'negative'.
Processing target 'mental_health' for interval 2000-2004 and condition 'positive'...
Completed target 'depression' for interval 1990-1994 and condition 'positive'.
Processing target 'mental_health' for interval 2000-2004 and condition 'negative'...
Completed target 'depression' for interval 1995-1999 and condition 'positive'.
Processing target 'mental_health' for interval 2005-2009 and condition 'positive'...
Completed target 'depression' for interval 2005-2009 and condition 'positive'.
Processing target 'mental_health' for interval 2005-2009 and condition 'negative'...
Completed target 'depression' for interval 2010-2014 and condition 'positive'.
Processing target 'mental_health' for interval 2010-2014 and condition 'positive'...
Completed target 'depression' for interval 2010-2014 and condition 'negative'.
Processing target 'mental_health' for interval 2010-2014 and condition 'negative'...
Completed target 'depression' for interval 2015-2019 and condition 'positive'.
Processing target 'mental_health' for interval 2015-2019 and condition 'positive'...
Completed target 'depression' for interval 2015-2019 and condition 'negative'.
Processing target 'mental_health' for interval 2015-2019 and condition 'negative'...
Completed target 'mental_health' for interval 1970-1974 and condition 'positive'.
Processing target 'mental_illness' for interval 1970-1974 and condition 'positive'...
Completed target 'mental_health' for interval 1975-1979 and condition 'positive'.
Processing target 'mental_illness' for interval 1970-1974 and condition 'negative'...
Completed target 'mental_health' for interval 1975-1979 and condition 'negative'.
Processing target 'mental_illness' for interval 1975-1979 and condition 'positive'...
Completed target 'mental_health' for interval 1980-1984 and condition 'positive'.
Processing target 'mental_illness' for interval 1975-1979 and condition 'negative'...
Completed target 'mental_health' for interval 1990-1994 and condition 'positive'.
Processing target 'mental_illness' for interval 1980-1984 and condition 'positive'...
Completed target 'mental_health' for interval 1980-1984 and condition 'negative'.
Processing target 'mental_illness' for interval 1980-1984 and condition 'negative'...
Completed target 'mental_health' for interval 1985-1989 and condition 'positive'.
Processing target 'mental_illness' for interval 1985-1989 and condition 'positive'...
Completed target 'mental_health' for interval 1970-1974 and condition 'negative'.
Processing target 'mental_illness' for interval 1985-1989 and condition 'negative'...
Completed target 'mental_health' for interval 1985-1989 and condition 'negative'.
Processing target 'mental_illness' for interval 1990-1994 and condition 'positive'...
Completed target 'mental_health' for interval 2000-2004 and condition 'negative'.
Processing target 'mental_illness' for interval 1990-1994 and condition 'negative'...
Completed target 'mental_health' for interval 1990-1994 and condition 'negative'.
Processing target 'mental_illness' for interval 1995-1999 and condition 'positive'...
Completed target 'mental_health' for interval 1995-1999 and condition 'positive'.
Processing target 'mental_illness' for interval 1995-1999 and condition 'negative'...
Completed target 'mental_health' for interval 2005-2009 and condition 'negative'.
Processing target 'mental_illness' for interval 2000-2004 and condition 'positive'...
Completed target 'mental_health' for interval 1995-1999 and condition 'negative'.
Processing target 'mental_illness' for interval 2000-2004 and condition 'negative'...
Completed target 'mental_health' for interval 2005-2009 and condition 'positive'.
Processing target 'mental_illness' for interval 2005-2009 and condition 'positive'...
Completed target 'mental_health' for interval 2015-2019 and condition 'positive'.
Processing target 'mental_illness' for interval 2005-2009 and condition 'negative'...
Completed target 'mental_health' for interval 2000-2004 and condition 'positive'.
Processing target 'mental_illness' for interval 2010-2014 and condition 'positive'...
Completed target 'mental_health' for interval 2010-2014 and condition 'positive'.
Processing target 'mental_illness' for interval 2010-2014 and condition 'negative'...
Completed target 'mental_health' for interval 2010-2014 and condition 'negative'.
Processing target 'mental_illness' for interval 2015-2019 and condition 'positive'...
Completed target 'mental_health' for interval 2015-2019 and condition 'negative'.
Processing target 'mental_illness' for interval 2015-2019 and condition 'negative'...
Completed target 'mental_illness' for interval 1970-1974 and condition 'negative'.
Processing target 'trauma' for interval 1970-1974 and condition 'positive'...
Completed target 'mental_illness' for interval 1975-1979 and condition 'positive'.
Processing target 'trauma' for interval 1970-1974 and condition 'negative'...
Completed target 'mental_illness' for interval 1980-1984 and condition 'negative'.
Processing target 'trauma' for interval 1975-1979 and condition 'positive'...
Completed target 'mental_illness' for interval 1970-1974 and condition 'positive'.
Processing target 'trauma' for interval 1975-1979 and condition 'negative'...
Completed target 'mental_illness' for interval 1985-1989 and condition 'negative'.
Processing target 'trauma' for interval 1980-1984 and condition 'positive'...
Completed target 'mental_illness' for interval 1980-1984 and condition 'positive'.
Processing target 'trauma' for interval 1980-1984 and condition 'negative'...
Completed target 'mental_illness' for interval 1995-1999 and condition 'positive'.
Processing target 'trauma' for interval 1985-1989 and condition 'positive'...
Completed target 'mental_illness' for interval 1975-1979 and condition 'negative'.
Processing target 'trauma' for interval 1985-1989 and condition 'negative'...
Completed target 'mental_illness' for interval 1990-1994 and condition 'positive'.
Processing target 'trauma' for interval 1990-1994 and condition 'positive'...
Completed target 'mental_illness' for interval 1995-1999 and condition 'negative'.
Processing target 'trauma' for interval 1990-1994 and condition 'negative'...
