Processing target 'abuse' for interval 1970-1974 and condition 'high'...
Processing target 'abuse' for interval 1970-1974 and condition 'low'...
Processing target 'abuse' for interval 1975-1979 and condition 'high'...
Processing target 'abuse' for interval 1975-1979 and condition 'low'...
Processing target 'abuse' for interval 1980-1984 and condition 'high'...
Processing target 'abuse' for interval 1980-1984 and condition 'low'...
Processing target 'abuse' for interval 1985-1989 and condition 'high'...
Processing target 'abuse' for interval 1985-1989 and condition 'low'...
Processing target 'abuse' for interval 1990-1994 and condition 'high'...
Processing target 'abuse' for interval 1990-1994 and condition 'low'...
Processing target 'abuse' for interval 1995-1999 and condition 'high'...
Processing target 'abuse' for interval 1995-1999 and condition 'low'...
Processing target 'abuse' for interval 2000-2004 and condition 'high'...
Processing target 'abuse' for interval 2000-2004 and condition 'low'...
Processing target 'abuse' for interval 2005-2009 and condition 'high'...
Processing target 'abuse' for interval 2005-2009 and condition 'low'...
Processing target 'abuse' for interval 2010-2014 and condition 'high'...
Processing target 'abuse' for interval 2010-2014 and condition 'low'...
Processing target 'abuse' for interval 2015-2019 and condition 'high'...
Processing target 'abuse' for interval 2015-2019 and condition 'low'...
Completed target 'abuse' for interval 1990-1994 and condition 'high'.
Processing target 'anxiety' for interval 1970-1974 and condition 'high'...
Completed target 'abuse' for interval 1975-1979 and condition 'high'.
Processing target 'anxiety' for interval 1970-1974 and condition 'low'...
Completed target 'abuse' for interval 2000-2004 and condition 'low'.
Processing target 'anxiety' for interval 1975-1979 and condition 'high'...
Completed target 'abuse' for interval 2015-2019 and condition 'high'.
Processing target 'anxiety' for interval 1975-1979 and condition 'low'...
Completed target 'abuse' for interval 1970-1974 and condition 'high'.
Processing target 'anxiety' for interval 1980-1984 and condition 'high'...
Completed target 'abuse' for interval 1985-1989 and condition 'low'.
Processing target 'anxiety' for interval 1980-1984 and condition 'low'...
Completed target 'abuse' for interval 2005-2009 and condition 'high'.
Processing target 'anxiety' for interval 1985-1989 and condition 'high'...
Completed target 'abuse' for interval 1985-1989 and condition 'high'.
Processing target 'anxiety' for interval 1985-1989 and condition 'low'...
Completed target 'abuse' for interval 1980-1984 and condition 'high'.
Processing target 'anxiety' for interval 1990-1994 and condition 'high'...
Completed target 'abuse' for interval 1995-1999 and condition 'high'.
Processing target 'anxiety' for interval 1990-1994 and condition 'low'...
Completed target 'abuse' for interval 2005-2009 and condition 'low'.
Processing target 'anxiety' for interval 1995-1999 and condition 'high'...
Completed target 'abuse' for interval 1970-1974 and condition 'low'.
Processing target 'anxiety' for interval 1995-1999 and condition 'low'...
Completed target 'abuse' for interval 2015-2019 and condition 'low'.
Processing target 'anxiety' for interval 2000-2004 and condition 'high'...
Completed target 'abuse' for interval 1980-1984 and condition 'low'.
Processing target 'anxiety' for interval 2000-2004 and condition 'low'...
Completed target 'abuse' for interval 1995-1999 and condition 'low'.
Processing target 'anxiety' for interval 2005-2009 and condition 'high'...
Completed target 'abuse' for interval 1975-1979 and condition 'low'.
Processing target 'anxiety' for interval 2005-2009 and condition 'low'...
Completed target 'abuse' for interval 1990-1994 and condition 'low'.
Processing target 'anxiety' for interval 2010-2014 and condition 'high'...
Completed target 'abuse' for interval 2000-2004 and condition 'high'.
Processing target 'anxiety' for interval 2010-2014 and condition 'low'...
Completed target 'abuse' for interval 2010-2014 and condition 'low'.
Processing target 'anxiety' for interval 2015-2019 and condition 'high'...
Completed target 'abuse' for interval 2010-2014 and condition 'high'.
Processing target 'anxiety' for interval 2015-2019 and condition 'low'...
Completed target 'anxiety' for interval 1970-1974 and condition 'high'.
Processing target 'depression' for interval 1970-1974 and condition 'high'...
Completed target 'anxiety' for interval 1985-1989 and condition 'low'.
Processing target 'depression' for interval 1970-1974 and condition 'low'...
Completed target 'anxiety' for interval 1980-1984 and condition 'high'.
Processing target 'depression' for interval 1975-1979 and condition 'high'...
Completed target 'anxiety' for interval 1990-1994 and condition 'low'.
Processing target 'depression' for interval 1975-1979 and condition 'low'...
Completed target 'anxiety' for interval 1990-1994 and condition 'high'.
Processing target 'depression' for interval 1980-1984 and condition 'high'...
Completed target 'anxiety' for interval 1975-1979 and condition 'high'.
Processing target 'depression' for interval 1980-1984 and condition 'low'...
Completed target 'anxiety' for interval 1970-1974 and condition 'low'.
Processing target 'depression' for interval 1985-1989 and condition 'high'...
Completed target 'anxiety' for interval 1985-1989 and condition 'high'.
Processing target 'depression' for interval 1985-1989 and condition 'low'...
Completed target 'anxiety' for interval 1975-1979 and condition 'low'.
Processing target 'depression' for interval 1990-1994 and condition 'high'...
Completed target 'anxiety' for interval 1980-1984 and condition 'low'.
Processing target 'depression' for interval 1990-1994 and condition 'low'...
Completed target 'anxiety' for interval 1995-1999 and condition 'high'.
Processing target 'depression' for interval 1995-1999 and condition 'high'...
Completed target 'anxiety' for interval 1995-1999 and condition 'low'.
Processing target 'depression' for interval 1995-1999 and condition 'low'...
Completed target 'anxiety' for interval 2000-2004 and condition 'low'.
Processing target 'depression' for interval 2000-2004 and condition 'high'...
Completed target 'anxiety' for interval 2005-2009 and condition 'low'.
Processing target 'depression' for interval 2000-2004 and condition 'low'...
Completed target 'anxiety' for interval 2000-2004 and condition 'high'.
Processing target 'depression' for interval 2005-2009 and condition 'high'...
Completed target 'anxiety' for interval 2010-2014 and condition 'high'.
Processing target 'depression' for interval 2005-2009 and condition 'low'...
Completed target 'anxiety' for interval 2015-2019 and condition 'high'.
Processing target 'depression' for interval 2010-2014 and condition 'high'...
Completed target 'anxiety' for interval 2005-2009 and condition 'high'.
Processing target 'depression' for interval 2010-2014 and condition 'low'...
Completed target 'anxiety' for interval 2010-2014 and condition 'low'.
Processing target 'depression' for interval 2015-2019 and condition 'high'...
Completed target 'anxiety' for interval 2015-2019 and condition 'low'.
Processing target 'depression' for interval 2015-2019 and condition 'low'...
Completed target 'depression' for interval 1970-1974 and condition 'low'.
Processing target 'mental_health' for interval 1970-1974 and condition 'high'...
Completed target 'depression' for interval 1970-1974 and condition 'high'.
Processing target 'mental_health' for interval 1970-1974 and condition 'low'...
Completed target 'depression' for interval 1985-1989 and condition 'low'.
Processing target 'mental_health' for interval 1975-1979 and condition 'high'...
Completed target 'depression' for interval 1995-1999 and condition 'high'.
Processing target 'mental_health' for interval 1975-1979 and condition 'low'...
Completed target 'depression' for interval 1985-1989 and condition 'high'.
Processing target 'mental_health' for interval 1980-1984 and condition 'high'...
Completed target 'depression' for interval 1980-1984 and condition 'low'.
Processing target 'mental_health' for interval 1980-1984 and condition 'low'...
Completed target 'depression' for interval 1990-1994 and condition 'low'.
Processing target 'mental_health' for interval 1985-1989 and condition 'high'...
Completed target 'depression' for interval 1980-1984 and condition 'high'.
Processing target 'mental_health' for interval 1985-1989 and condition 'low'...
Completed target 'depression' for interval 1975-1979 and condition 'low'.
Processing target 'mental_health' for interval 1990-1994 and condition 'high'...
Completed target 'depression' for interval 1990-1994 and condition 'high'.
Processing target 'mental_health' for interval 1990-1994 and condition 'low'...
Completed target 'depression' for interval 2005-2009 and condition 'high'.
Processing target 'mental_health' for interval 1995-1999 and condition 'high'...
Completed target 'depression' for interval 2000-2004 and condition 'low'.
Processing target 'mental_health' for interval 1995-1999 and condition 'low'...
Completed target 'depression' for interval 1975-1979 and condition 'high'.
Processing target 'mental_health' for interval 2000-2004 and condition 'high'...
Completed target 'depression' for interval 1995-1999 and condition 'low'.
Processing target 'mental_health' for interval 2000-2004 and condition 'low'...
Completed target 'depression' for interval 2000-2004 and condition 'high'.
Processing target 'mental_health' for interval 2005-2009 and condition 'high'...
Completed target 'depression' for interval 2010-2014 and condition 'high'.
Processing target 'mental_health' for interval 2005-2009 and condition 'low'...
Completed target 'depression' for interval 2015-2019 and condition 'low'.
Processing target 'mental_health' for interval 2010-2014 and condition 'high'...
Completed target 'depression' for interval 2015-2019 and condition 'high'.
Processing target 'mental_health' for interval 2010-2014 and condition 'low'...
Completed target 'depression' for interval 2010-2014 and condition 'low'.
Processing target 'mental_health' for interval 2015-2019 and condition 'high'...
Completed target 'depression' for interval 2005-2009 and condition 'low'.
Processing target 'mental_health' for interval 2015-2019 and condition 'low'...
Completed target 'mental_health' for interval 1970-1974 and condition 'low'.
Processing target 'mental_illness' for interval 1970-1974 and condition 'high'...
Completed target 'mental_health' for interval 1980-1984 and condition 'low'.
Processing target 'mental_illness' for interval 1970-1974 and condition 'low'...
Completed target 'mental_health' for interval 1970-1974 and condition 'high'.
Processing target 'mental_illness' for interval 1975-1979 and condition 'high'...
Completed target 'mental_health' for interval 1975-1979 and condition 'high'.
Processing target 'mental_illness' for interval 1975-1979 and condition 'low'...
Completed target 'mental_health' for interval 1975-1979 and condition 'low'.
Processing target 'mental_illness' for interval 1980-1984 and condition 'high'...
Completed target 'mental_health' for interval 1985-1989 and condition 'high'.
Processing target 'mental_illness' for interval 1980-1984 and condition 'low'...
Completed target 'mental_health' for interval 1980-1984 and condition 'high'.
Processing target 'mental_illness' for interval 1985-1989 and condition 'high'...
Completed target 'mental_health' for interval 1995-1999 and condition 'high'.
Processing target 'mental_illness' for interval 1985-1989 and condition 'low'...
Completed target 'mental_health' for interval 1985-1989 and condition 'low'.
Processing target 'mental_illness' for interval 1990-1994 and condition 'high'...
Completed target 'mental_health' for interval 1990-1994 and condition 'low'.
Processing target 'mental_illness' for interval 1990-1994 and condition 'low'...
Completed target 'mental_health' for interval 2000-2004 and condition 'low'.
Processing target 'mental_illness' for interval 1995-1999 and condition 'high'...
Completed target 'mental_health' for interval 2000-2004 and condition 'high'.
Processing target 'mental_illness' for interval 1995-1999 and condition 'low'...
Completed target 'mental_health' for interval 1990-1994 and condition 'high'.
Processing target 'mental_illness' for interval 2000-2004 and condition 'high'...
Completed target 'mental_health' for interval 1995-1999 and condition 'low'.
Processing target 'mental_illness' for interval 2000-2004 and condition 'low'...
Completed target 'mental_health' for interval 2015-2019 and condition 'low'.
Processing target 'mental_illness' for interval 2005-2009 and condition 'high'...
Completed target 'mental_health' for interval 2010-2014 and condition 'low'.
Processing target 'mental_illness' for interval 2005-2009 and condition 'low'...
Completed target 'mental_health' for interval 2010-2014 and condition 'high'.
Processing target 'mental_illness' for interval 2010-2014 and condition 'high'...
Completed target 'mental_health' for interval 2005-2009 and condition 'high'.
Processing target 'mental_illness' for interval 2010-2014 and condition 'low'...
Completed target 'mental_health' for interval 2015-2019 and condition 'high'.
Processing target 'mental_illness' for interval 2015-2019 and condition 'high'...
Completed target 'mental_health' for interval 2005-2009 and condition 'low'.
Processing target 'mental_illness' for interval 2015-2019 and condition 'low'...
Completed target 'mental_illness' for interval 1970-1974 and condition 'high'.
Processing target 'trauma' for interval 1970-1974 and condition 'high'...
Completed target 'mental_illness' for interval 1970-1974 and condition 'low'.
Processing target 'trauma' for interval 1970-1974 and condition 'low'...
Completed target 'mental_illness' for interval 1990-1994 and condition 'low'.
Processing target 'trauma' for interval 1975-1979 and condition 'high'...
Completed target 'mental_illness' for interval 1990-1994 and condition 'high'.
Processing target 'trauma' for interval 1975-1979 and condition 'low'...
Completed target 'mental_illness' for interval 1985-1989 and condition 'high'.
Processing target 'trauma' for interval 1980-1984 and condition 'high'...
Completed target 'mental_illness' for interval 1980-1984 and condition 'high'.
Processing target 'trauma' for interval 1980-1984 and condition 'low'...
Completed target 'mental_illness' for interval 1980-1984 and condition 'low'.
Processing target 'trauma' for interval 1985-1989 and condition 'high'...
Completed target 'mental_illness' for interval 1995-1999 and condition 'low'.
Processing target 'trauma' for interval 1985-1989 and condition 'low'...
Completed target 'mental_illness' for interval 1975-1979 and condition 'high'.
Processing target 'trauma' for interval 1990-1994 and condition 'high'...
Completed target 'mental_illness' for interval 1975-1979 and condition 'low'.
Processing target 'trauma' for interval 1990-1994 and condition 'low'...
