Synthetic variations data is empty for target mental_illness. Skipping.
Synthetic variations data is empty for target trauma. Skipping.
Synthetic variations data is empty for target abuse. Skipping.
Synthetic variations data is empty for target mental_health. Skipping.
Synthetic variations data is empty for target anxiety. Skipping.
Synthetic variations data is empty for target depression. Skipping.
Sampling completed
Synthetic variations data is empty for target mental_illness. Skipping.
Synthetic variations data is empty for target trauma. Skipping.
Synthetic variations data is empty for target mental_health. Skipping.
Synthetic variations data is empty for target abuse. Skipping.
Synthetic variations data is empty for target anxiety. Skipping.
Synthetic variations data is empty for target depression. Skipping.
Sampling completed
Synthetic variations data is empty for target mental_illness. Skipping.
Synthetic variations data is empty for target trauma. Skipping.
Synthetic variations data is empty for target abuse. Skipping.
Synthetic variations data is empty for target mental_health. Skipping.
Synthetic variations data is empty for target anxiety. Skipping.
Synthetic variations data is empty for target depression. Skipping.
Sampling completed
Synthetic variations data is empty for target mental_illness. Skipping.
Synthetic variations data is empty for target trauma. Skipping.
Synthetic variations data is empty for target mental_health. Skipping.
Synthetic variations data is empty for target abuse. Skipping.
Synthetic variations data is empty for target anxiety. Skipping.
Synthetic variations data is empty for target depression. Skipping.
Sampling completed
Loaded natural corpus from ../0.0_corpus_preprocessing/output/natural_lines_targets\mental_illness.lines.psych with 5806 entries.
Loaded natural corpus from ../0.0_corpus_preprocessing/output/natural_lines_targets\trauma.lines.psych with 20236 entries.
Loaded positive synthetic data from synthetic/output/all-year\mental_illness_synthetic_sentences.csv with 0 entries.
Skipping processing for target mental_illness due to empty data.
Loaded positive synthetic data from synthetic/output/all-year\trauma_synthetic_sentences.csv with 0 entries.
Skipping processing for target trauma due to empty data.
Loaded natural corpus from ../0.0_corpus_preprocessing/output/natural_lines_targets\mental_health.lines.psych with 43771 entries.
Loaded natural corpus from ../0.0_corpus_preprocessing/output/natural_lines_targets\abuse.lines.psych with 44941 entries.
Loaded positive synthetic data from synthetic/output/all-year\mental_health_synthetic_sentences.csv with 0 entries.
Loaded positive synthetic data from synthetic/output/all-year\abuse_synthetic_sentences.csv with 0 entries.
Skipping processing for target abuse due to empty data.
Skipping processing for target mental_health due to empty data.
Loaded natural corpus from ../0.0_corpus_preprocessing/output/natural_lines_targets\anxiety.lines.psych with 100273 entries.
Loaded natural corpus from ../0.0_corpus_preprocessing/output/natural_lines_targets\depression.lines.psych with 112942 entries.
Loaded positive synthetic data from synthetic/output/all-year\anxiety_synthetic_sentences.csv with 0 entries.
Skipping processing for target anxiety due to empty data.
Loaded positive synthetic data from synthetic/output/all-year\depression_synthetic_sentences.csv with 0 entries.
Skipping processing for target depression due to empty data.
Sampling completed
Loaded natural corpus from ../0.0_corpus_preprocessing/output/natural_lines_targets\mental_illness.lines.psych with 5806 entries.
Loaded 2552 valid entries from positive_variation at synthetic/output/all-year\mental_illness_synthetic_sentences.csv.
Loaded natural corpus from ../0.0_corpus_preprocessing/output/natural_lines_targets\trauma.lines.psych with 20236 entries.
Skipping processing for target mental_illness due to empty data.
Loaded 3563 valid entries from positive_variation at synthetic/output/all-year\trauma_synthetic_sentences.csv.
Skipping processing for target trauma due to empty data.
Loaded natural corpus from ../0.0_corpus_preprocessing/output/natural_lines_targets\mental_health.lines.psych with 43771 entries.
Loaded natural corpus from ../0.0_corpus_preprocessing/output/natural_lines_targets\abuse.lines.psych with 44941 entries.
Loaded 6348 valid entries from positive_variation at synthetic/output/all-year\mental_health_synthetic_sentences.csv.
Skipping processing for target mental_health due to empty data.
Loaded 5645 valid entries from positive_variation at synthetic/output/all-year\abuse_synthetic_sentences.csv.
Skipping processing for target abuse due to empty data.
Loaded natural corpus from ../0.0_corpus_preprocessing/output/natural_lines_targets\anxiety.lines.psych with 100273 entries.
Loaded natural corpus from ../0.0_corpus_preprocessing/output/natural_lines_targets\depression.lines.psych with 112942 entries.
Loaded 9213 valid entries from positive_variation at synthetic/output/all-year\anxiety_synthetic_sentences.csv.
Skipping processing for target anxiety due to empty data.
Loaded 8826 valid entries from positive_variation at synthetic/output/all-year\depression_synthetic_sentences.csv.
Skipping processing for target depression due to empty data.
Sampling completed
Loaded natural corpus from ../0.0_corpus_preprocessing/output/natural_lines_targets\mental_illness.lines.psych with 5806 entries.
Loaded natural corpus from ../0.0_corpus_preprocessing/output/natural_lines_targets\trauma.lines.psych with 20236 entries.
Loaded 2552 valid entries from positive_variation at synthetic/output/all-year\mental_illness_synthetic_sentences.csv.
Skipping processing for target mental_illness due to empty data.
Loaded 3563 valid entries from positive_variation at synthetic/output/all-year\trauma_synthetic_sentences.csv.
Skipping processing for target trauma due to empty data.
Loaded natural corpus from ../0.0_corpus_preprocessing/output/natural_lines_targets\mental_health.lines.psych with 43771 entries.
Loaded natural corpus from ../0.0_corpus_preprocessing/output/natural_lines_targets\abuse.lines.psych with 44941 entries.
Loaded 5645 valid entries from positive_variation at synthetic/output/all-year\abuse_synthetic_sentences.csv.
Skipping processing for target abuse due to empty data.
Loaded 6348 valid entries from positive_variation at synthetic/output/all-year\mental_health_synthetic_sentences.csv.
Skipping processing for target mental_health due to empty data.
Loaded natural corpus from ../0.0_corpus_preprocessing/output/natural_lines_targets\anxiety.lines.psych with 100273 entries.
Loaded natural corpus from ../0.0_corpus_preprocessing/output/natural_lines_targets\depression.lines.psych with 112942 entries.
Loaded 9213 valid entries from positive_variation at synthetic/output/all-year\anxiety_synthetic_sentences.csv.
Loaded 8826 valid entries from positive_variation at synthetic/output/all-year\depression_synthetic_sentences.csv.
Skipping processing for target anxiety due to empty data.
Skipping processing for target depression due to empty data.
Sampling completed
Loaded natural corpus from ../0.0_corpus_preprocessing/output/natural_lines_targets\mental_illness.lines.psych with 5806 entries.
Loaded natural corpus from ../0.0_corpus_preprocessing/output/natural_lines_targets\trauma.lines.psych with 20236 entries.
Loaded 2552 valid entries from positive_variation at synthetic/output/all-year\mental_illness_synthetic_sentences.csv.
Synthetic variations data is empty for target mental_illness. Skipping.
Loaded 3563 valid entries from positive_variation at synthetic/output/all-year\trauma_synthetic_sentences.csv.
Synthetic variations data is empty for target trauma. Skipping.
Loaded natural corpus from ../0.0_corpus_preprocessing/output/natural_lines_targets\abuse.lines.psych with 44941 entries.
Loaded natural corpus from ../0.0_corpus_preprocessing/output/natural_lines_targets\mental_health.lines.psych with 43771 entries.
Loaded 5645 valid entries from positive_variation at synthetic/output/all-year\abuse_synthetic_sentences.csv.
Synthetic variations data is empty for target abuse. Skipping.
Loaded 6348 valid entries from positive_variation at synthetic/output/all-year\mental_health_synthetic_sentences.csv.
Synthetic variations data is empty for target mental_health. Skipping.
Loaded natural corpus from ../0.0_corpus_preprocessing/output/natural_lines_targets\anxiety.lines.psych with 100273 entries.
Loaded natural corpus from ../0.0_corpus_preprocessing/output/natural_lines_targets\depression.lines.psych with 112942 entries.
Loaded 9213 valid entries from positive_variation at synthetic/output/all-year\anxiety_synthetic_sentences.csv.
Synthetic variations data is empty for target anxiety. Skipping.
Loaded 8826 valid entries from positive_variation at synthetic/output/all-year\depression_synthetic_sentences.csv.
Synthetic variations data is empty for target depression. Skipping.
Sampling completed
Loaded natural corpus from ../0.0_corpus_preprocessing/output/natural_lines_targets\mental_illness.lines.psych with 5806 entries.
Loaded natural corpus from ../0.0_corpus_preprocessing/output/natural_lines_targets\trauma.lines.psych with 20236 entries.
Loaded 2552 valid entries from positive_variation at synthetic/output/all-year\mental_illness_synthetic_sentences.csv.
Synthetic variations data is empty for target mental_illness. Skipping.
Loaded 3563 valid entries from positive_variation at synthetic/output/all-year\trauma_synthetic_sentences.csv.
Synthetic variations data is empty for target trauma. Skipping.
Loaded natural corpus from ../0.0_corpus_preprocessing/output/natural_lines_targets\abuse.lines.psych with 44941 entries.
Loaded natural corpus from ../0.0_corpus_preprocessing/output/natural_lines_targets\mental_health.lines.psych with 43771 entries.
Loaded 5645 valid entries from positive_variation at synthetic/output/all-year\abuse_synthetic_sentences.csv.
Synthetic variations data is empty for target abuse. Skipping.
Loaded 6348 valid entries from positive_variation at synthetic/output/all-year\mental_health_synthetic_sentences.csv.
Synthetic variations data is empty for target mental_health. Skipping.
Loaded natural corpus from ../0.0_corpus_preprocessing/output/natural_lines_targets\anxiety.lines.psych with 100273 entries.
Loaded natural corpus from ../0.0_corpus_preprocessing/output/natural_lines_targets\depression.lines.psych with 112942 entries.
Loaded 9213 valid entries from positive_variation at synthetic/output/all-year\anxiety_synthetic_sentences.csv.
Synthetic variations data is empty for target anxiety. Skipping.
Loaded 8826 valid entries from positive_variation at synthetic/output/all-year\depression_synthetic_sentences.csv.
Synthetic variations data is empty for target depression. Skipping.
Sampling completed
Loaded natural corpus from ../0.0_corpus_preprocessing/output/natural_lines_targets\mental_illness.lines.psych with 5806 entries.
Loaded natural corpus from ../0.0_corpus_preprocessing/output/natural_lines_targets\trauma.lines.psych with 20236 entries.
Loaded synthetic variations from synthetic/output/all-year\mental_illness_synthetic_sentences.csv with 2552 entries.
Loaded synthetic variations from synthetic/output/all-year\trauma_synthetic_sentences.csv with 3563 entries.
Loaded natural corpus from ../0.0_corpus_preprocessing/output/natural_lines_targets\abuse.lines.psych with 44941 entries.
Loaded natural corpus from ../0.0_corpus_preprocessing/output/natural_lines_targets\mental_health.lines.psych with 43771 entries.
Loaded synthetic variations from synthetic/output/all-year\abuse_synthetic_sentences.csv with 5645 entries.
Loaded synthetic variations from synthetic/output/all-year\mental_health_synthetic_sentences.csv with 6348 entries.
Loaded natural corpus from ../0.0_corpus_preprocessing/output/natural_lines_targets\anxiety.lines.psych with 100273 entries.
Loaded natural corpus from ../0.0_corpus_preprocessing/output/natural_lines_targets\depression.lines.psych with 112942 entries.
Loaded synthetic variations from synthetic/output/all-year\depression_synthetic_sentences.csv with 8826 entries.
Loaded synthetic variations from synthetic/output/all-year\anxiety_synthetic_sentences.csv with 9213 entries.
Loaded natural corpus from ../0.0_corpus_preprocessing/output/natural_lines_targets\mental_illness.lines.psych with 5806 entries.
Loaded natural corpus from ../0.0_corpus_preprocessing/output/natural_lines_targets\trauma.lines.psych with 20236 entries.
Loaded positive synthetic data from synthetic/output/all-year\mental_illness_synthetic_sentences.csv with 2552 entries.
Processing skipped for target mental_illness due to empty data.
Loaded positive synthetic data from synthetic/output/all-year\trauma_synthetic_sentences.csv with 3563 entries.
Processing skipped for target trauma due to empty data.
Loaded natural corpus from ../0.0_corpus_preprocessing/output/natural_lines_targets\mental_health.lines.psych with 43771 entries.
Loaded natural corpus from ../0.0_corpus_preprocessing/output/natural_lines_targets\abuse.lines.psych with 44941 entries.
Loaded positive synthetic data from synthetic/output/all-year\mental_health_synthetic_sentences.csv with 6348 entries.
Processing skipped for target mental_health due to empty data.
Loaded positive synthetic data from synthetic/output/all-year\abuse_synthetic_sentences.csv with 5645 entries.
Processing skipped for target abuse due to empty data.
Loaded natural corpus from ../0.0_corpus_preprocessing/output/natural_lines_targets\anxiety.lines.psych with 100273 entries.
Loaded natural corpus from ../0.0_corpus_preprocessing/output/natural_lines_targets\depression.lines.psych with 112942 entries.
Loaded positive synthetic data from synthetic/output/all-year\anxiety_synthetic_sentences.csv with 9213 entries.
Processing skipped for target anxiety due to empty data.
Loaded positive synthetic data from synthetic/output/all-year\depression_synthetic_sentences.csv with 8826 entries.
Processing skipped for target depression due to empty data.
Sampling completed
Loaded natural corpus from ../0.0_corpus_preprocessing/output/natural_lines_targets\mental_illness.lines.psych with 5806 entries.
Loaded 2552 positive entries from synthetic/output/all-year\mental_illness_synthetic_sentences.csv.
Skipping mental_illness due to insufficient data.
Loaded natural corpus from ../0.0_corpus_preprocessing/output/natural_lines_targets\trauma.lines.psych with 20236 entries.
Loaded 3563 positive entries from synthetic/output/all-year\trauma_synthetic_sentences.csv.
Skipping trauma due to insufficient data.
Loaded natural corpus from ../0.0_corpus_preprocessing/output/natural_lines_targets\mental_health.lines.psych with 43771 entries.
Loaded natural corpus from ../0.0_corpus_preprocessing/output/natural_lines_targets\abuse.lines.psych with 44941 entries.
Loaded 5645 positive entries from synthetic/output/all-year\abuse_synthetic_sentences.csv.
Skipping abuse due to insufficient data.
Loaded 6348 positive entries from synthetic/output/all-year\mental_health_synthetic_sentences.csv.
Skipping mental_health due to insufficient data.
Loaded natural corpus from ../0.0_corpus_preprocessing/output/natural_lines_targets\anxiety.lines.psych with 100273 entries.
Loaded natural corpus from ../0.0_corpus_preprocessing/output/natural_lines_targets\depression.lines.psych with 112942 entries.
Loaded 9213 positive entries from synthetic/output/all-year\anxiety_synthetic_sentences.csv.
Skipping anxiety due to insufficient data.
Loaded 8826 positive entries from synthetic/output/all-year\depression_synthetic_sentences.csv.
Skipping depression due to insufficient data.
Sampling completed
